<?xml version="1.0" encoding="UTF-8"?>
<testsuite xmlns:xsi="http://www.w3.org/2001/XMLSchema-instance" xsi:noNamespaceSchemaLocation="https://maven.apache.org/surefire/maven-surefire-plugin/xsd/surefire-test-report.xsd" name="belajar.unit.test.RandomCalculatorTest" time="0.289" tests="41" errors="0" skipped="0" failures="0">
  <properties>
[...]
</properties>
  <testcase name="testRandomRepeatInfo{TestInfo, Random, RepetitionInfo}[1]" classname="belajar.unit.test.RandomCalculatorTest" time="0"/>
  <testcase name="testRandomRepeatInfo{TestInfo, Random, RepetitionInfo}[2]" classname="belajar.unit.test.RandomCalculatorTest" time="0.003"/>
  <testcase name="testRandomRepeatInfo{TestInfo, Random, RepetitionInfo}[3]" classname="belajar.unit.test.RandomCalculatorTest" time="0.003"/>
  <testcase name="testRandomRepeatInfo{TestInfo, Random, RepetitionInfo}[4]" classname="belajar.unit.test.RandomCalculatorTest" time="0.001"/>
  <testcase name="testRandomRepeatInfo{TestInfo, Random, RepetitionInfo}[5]" classname="belajar.unit.test.RandomCalculatorTest" time="0.003"/>
  <testcase name="testRandomRepeatInfo{TestInfo, Random, RepetitionInfo}[6]" classname="belajar.unit.test.RandomCalculatorTest" time="0.001"/>
  <testcase name="testRandomRepeatInfo{TestInfo, Random, RepetitionInfo}[7]" classname="belajar.unit.test.RandomCalculatorTest" time="0.002"/>
  <testcase name="testRandomRepeatInfo{TestInfo, Random, RepetitionInfo}[8]" classname="belajar.unit.test.RandomCalculatorTest" time="0.001"/>
  <testcase name="testRandomRepeatInfo{TestInfo, Random, RepetitionInfo}[9]" classname="belajar.unit.test.RandomCalculatorTest" time="0.003"/>
  <testcase name="testRandomRepeatInfo{TestInfo, Random, RepetitionInfo}[10]" classname="belajar.unit.test.RandomCalculatorTest" time="0.001"/>
  <testcase name="testWithMethodSource{Integer}[1]" classname="belajar.unit.test.RandomCalculatorTest" time="0.04"/>
  <testcase name="testWithMethodSource{Integer}[2]" classname="belajar.unit.test.RandomCalculatorTest" time="0.002"/>
  <testcase name="testWithMethodSource{Integer}[3]" classname="belajar.unit.test.RandomCalculatorTest" time="0.002"/>
  <testcase name="testWithMethodSource{Integer}[4]" classname="belajar.unit.test.RandomCalculatorTest" time="0.002"/>
  <testcase name="testWithMethodSource{Integer}[5]" classname="belajar.unit.test.RandomCalculatorTest" time="0.003"/>
  <testcase name="testWithMethodSource{Integer}[6]" classname="belajar.unit.test.RandomCalculatorTest" time="0.002"/>
  <testcase name="testWithMethodSource{Integer}[7]" classname="belajar.unit.test.RandomCalculatorTest" time="0.002"/>
  <testcase name="testWithMethodSource{Integer}[8]" classname="belajar.unit.test.RandomCalculatorTest" time="0.004"/>
  <testcase name="testWithMethodSource{Integer}[9]" classname="belajar.unit.test.RandomCalculatorTest" time="0.001"/>
  <testcase name="testWithMethodSource{Integer}[10]" classname="belajar.unit.test.RandomCalculatorTest" time="0.003"/>
  <testcase name="testWithParameter{int}[1]" classname="belajar.unit.test.RandomCalculatorTest" time="0.004"/>
  <testcase name="testWithParameter{int}[2]" classname="belajar.unit.test.RandomCalculatorTest" time="0.004"/>
  <testcase name="testWithParameter{int}[3]" classname="belajar.unit.test.RandomCalculatorTest" time="0.002"/>
  <testcase name="testWithParameter{int}[4]" classname="belajar.unit.test.RandomCalculatorTest" time="0.003"/>
  <testcase name="testWithParameter{int}[5]" classname="belajar.unit.test.RandomCalculatorTest" time="0.004"/>
  <testcase name="testWithParameter{int}[6]" classname="belajar.unit.test.RandomCalculatorTest" time="0.002"/>
  <testcase name="testWithParameter{int}[7]" classname="belajar.unit.test.RandomCalculatorTest" time="0.003"/>
  <testcase name="testWithParameter{int}[8]" classname="belajar.unit.test.RandomCalculatorTest" time="0.003"/>
  <testcase name="testWithParameter{int}[9]" classname="belajar.unit.test.RandomCalculatorTest" time="0.001"/>
  <testcase name="testWithParameter{int}[10]" classname="belajar.unit.test.RandomCalculatorTest" time="0.003"/>
  <testcase name="testRandomRepeat{TestInfo, Random}[1]" classname="belajar.unit.test.RandomCalculatorTest" time="0.004"/>
  <testcase name="testRandomRepeat{TestInfo, Random}[2]" classname="belajar.unit.test.RandomCalculatorTest" time="0.001"/>
  <testcase name="testRandomRepeat{TestInfo, Random}[3]" classname="belajar.unit.test.RandomCalculatorTest" time="0.003"/>
  <testcase name="testRandomRepeat{TestInfo, Random}[4]" classname="belajar.unit.test.RandomCalculatorTest" time="0.003"/>
  <testcase name="testRandomRepeat{TestInfo, Random}[5]" classname="belajar.unit.test.RandomCalculatorTest" time="0.002"/>
  <testcase name="testRandomRepeat{TestInfo, Random}[6]" classname="belajar.unit.test.RandomCalculatorTest" time="0.001"/>
  <testcase name="testRandomRepeat{TestInfo, Random}[7]" classname="belajar.unit.test.RandomCalculatorTest" time="0.003"/>
  <testcase name="testRandomRepeat{TestInfo, Random}[8]" classname="belajar.unit.test.RandomCalculatorTest" time="0.001"/>
  <testcase name="testRandomRepeat{TestInfo, Random}[9]" classname="belajar.unit.test.RandomCalculatorTest" time="0.002"/>
  <testcase name="testRandomRepeat{TestInfo, Random}[10]" classname="belajar.unit.test.RandomCalculatorTest" time="0.002"/>
  <testcase name="testRandom{TestInfo, Random}" classname="belajar.unit.test.RandomCalculatorTest" time="0.001"/>
</testsuite>